<?xml version="1.0" encoding="UTF-8"?>
<testng-results ignored="0" total="4" passed="4" failed="0" skipped="0">
  <reporter-output>
    <line>
      <![CDATA[navigated to organizations link]]>
    </line>
    <line>
      <![CDATA[navigated to organizations link]]>
    </line>
    <line>
      <![CDATA[Clicked on create Organization look up image]]>
    </line>
    <line>
      <![CDATA[New Organization created]]>
    </line>
    <line>
      <![CDATA[Clicked on create Organization look up image]]>
    </line>
    <line>
      <![CDATA[New Organization created]]>
    </line>
  </reporter-output>
  <suite started-at="2023-04-19T10:39:04 IST" name="Suite" finished-at="2023-04-19T10:39:44 IST" duration-ms="39616">
    <groups>
      <group name="SmokeSuite">
        <method signature="CreateOrganizationTest.createOrgTest()[pri:0, instance:vtiger.Organization.Tests.CreateOrganizationTest@35cabb2a]" name="createOrgTest" class="vtiger.Organization.Tests.CreateOrganizationTest"/>
        <method signature="CreateOrganizationTest.createOrgTest()[pri:0, instance:vtiger.Organization.Tests.CreateOrganizationTest@7c7b252e]" name="createOrgTest" class="vtiger.Organization.Tests.CreateOrganizationTest"/>
      </group> <!-- SmokeSuite -->
    </groups>
    <test started-at="2023-04-19T10:39:04 IST" name="Test-Runner-Firefox" finished-at="2023-04-19T10:39:43 IST" duration-ms="39001">
      <class name="vtiger.Organization.Tests.CreateOrganizationTest">
        <test-method is-config="true" signature="bsConfig()[pri:0, instance:vtiger.Organization.Tests.CreateOrganizationTest@7c7b252e]" started-at="2023-04-19T10:39:04 IST" name="bsConfig" finished-at="2023-04-19T10:39:04 IST" duration-ms="12" status="PASS">
          <reporter-output>
          </reporter-output>
        </test-method> <!-- bsConfig -->
        <test-method is-config="true" signature="bcConfig()[pri:0, instance:vtiger.Organization.Tests.CreateOrganizationTest@7c7b252e]" started-at="2023-04-19T10:39:05 IST" name="bcConfig" finished-at="2023-04-19T10:39:15 IST" duration-ms="10638" status="PASS">
          <reporter-output>
          </reporter-output>
        </test-method> <!-- bcConfig -->
        <test-method is-config="true" signature="bmConfig()[pri:0, instance:vtiger.Organization.Tests.CreateOrganizationTest@7c7b252e]" started-at="2023-04-19T10:39:15 IST" name="bmConfig" finished-at="2023-04-19T10:39:18 IST" duration-ms="2993" status="PASS">
          <reporter-output>
          </reporter-output>
        </test-method> <!-- bmConfig -->
        <test-method signature="createOrgTest()[pri:0, instance:vtiger.Organization.Tests.CreateOrganizationTest@7c7b252e]" started-at="2023-04-19T10:39:18 IST" name="createOrgTest" finished-at="2023-04-19T10:39:30 IST" duration-ms="11999" status="PASS">
          <reporter-output>
            <line>
              <![CDATA[navigated to organizations link]]>
            </line>
            <line>
              <![CDATA[Clicked on create Organization look up image]]>
            </line>
            <line>
              <![CDATA[New Organization created]]>
            </line>
          </reporter-output>
        </test-method> <!-- createOrgTest -->
        <test-method is-config="true" signature="amConfig()[pri:0, instance:vtiger.Organization.Tests.CreateOrganizationTest@7c7b252e]" started-at="2023-04-19T10:39:30 IST" name="amConfig" finished-at="2023-04-19T10:39:34 IST" duration-ms="4027" status="PASS">
          <reporter-output>
          </reporter-output>
        </test-method> <!-- amConfig -->
        <test-method is-config="true" signature="bmConfig()[pri:0, instance:vtiger.Organization.Tests.CreateOrganizationTest@7c7b252e]" started-at="2023-04-19T10:39:34 IST" name="bmConfig" finished-at="2023-04-19T10:39:38 IST" duration-ms="3134" status="PASS">
          <reporter-output>
          </reporter-output>
        </test-method> <!-- bmConfig -->
        <test-method signature="demo()[pri:0, instance:vtiger.Organization.Tests.CreateOrganizationTest@7c7b252e]" started-at="2023-04-19T10:39:38 IST" name="demo" finished-at="2023-04-19T10:39:38 IST" duration-ms="5" status="PASS">
          <reporter-output>
          </reporter-output>
        </test-method> <!-- demo -->
        <test-method is-config="true" signature="amConfig()[pri:0, instance:vtiger.Organization.Tests.CreateOrganizationTest@7c7b252e]" started-at="2023-04-19T10:39:38 IST" name="amConfig" finished-at="2023-04-19T10:39:42 IST" duration-ms="4465" status="PASS">
          <reporter-output>
          </reporter-output>
        </test-method> <!-- amConfig -->
        <test-method is-config="true" signature="acConfig()[pri:0, instance:vtiger.Organization.Tests.CreateOrganizationTest@7c7b252e]" started-at="2023-04-19T10:39:42 IST" name="acConfig" finished-at="2023-04-19T10:39:43 IST" duration-ms="1268" status="PASS">
          <reporter-output>
          </reporter-output>
        </test-method> <!-- acConfig -->
        <test-method is-config="true" signature="asConfig()[pri:0, instance:vtiger.Organization.Tests.CreateOrganizationTest@7c7b252e]" started-at="2023-04-19T10:39:44 IST" name="asConfig" finished-at="2023-04-19T10:39:44 IST" duration-ms="0" status="PASS">
          <reporter-output>
          </reporter-output>
        </test-method> <!-- asConfig -->
      </class> <!-- vtiger.Organization.Tests.CreateOrganizationTest -->
    </test> <!-- Test-Runner-Firefox -->
    <test started-at="2023-04-19T10:39:04 IST" name="Test-Runner-Chrome" finished-at="2023-04-19T10:39:44 IST" duration-ms="39616">
      <class name="vtiger.Organization.Tests.CreateOrganizationTest">
        <test-method is-config="true" signature="bcConfig()[pri:0, instance:vtiger.Organization.Tests.CreateOrganizationTest@35cabb2a]" started-at="2023-04-19T10:39:05 IST" name="bcConfig" finished-at="2023-04-19T10:39:15 IST" duration-ms="10591" status="PASS">
          <reporter-output>
          </reporter-output>
        </test-method> <!-- bcConfig -->
        <test-method is-config="true" signature="bmConfig()[pri:0, instance:vtiger.Organization.Tests.CreateOrganizationTest@35cabb2a]" started-at="2023-04-19T10:39:15 IST" name="bmConfig" finished-at="2023-04-19T10:39:19 IST" duration-ms="3253" status="PASS">
          <reporter-output>
          </reporter-output>
        </test-method> <!-- bmConfig -->
        <test-method signature="createOrgTest()[pri:0, instance:vtiger.Organization.Tests.CreateOrganizationTest@35cabb2a]" started-at="2023-04-19T10:39:19 IST" name="createOrgTest" finished-at="2023-04-19T10:39:31 IST" duration-ms="12205" status="PASS">
          <reporter-output>
            <line>
              <![CDATA[navigated to organizations link]]>
            </line>
            <line>
              <![CDATA[Clicked on create Organization look up image]]>
            </line>
            <line>
              <![CDATA[New Organization created]]>
            </line>
          </reporter-output>
        </test-method> <!-- createOrgTest -->
        <test-method is-config="true" signature="amConfig()[pri:0, instance:vtiger.Organization.Tests.CreateOrganizationTest@35cabb2a]" started-at="2023-04-19T10:39:31 IST" name="amConfig" finished-at="2023-04-19T10:39:35 IST" duration-ms="4085" status="PASS">
          <reporter-output>
          </reporter-output>
        </test-method> <!-- amConfig -->
        <test-method is-config="true" signature="bmConfig()[pri:0, instance:vtiger.Organization.Tests.CreateOrganizationTest@35cabb2a]" started-at="2023-04-19T10:39:35 IST" name="bmConfig" finished-at="2023-04-19T10:39:38 IST" duration-ms="3279" status="PASS">
          <reporter-output>
          </reporter-output>
        </test-method> <!-- bmConfig -->
        <test-method signature="demo()[pri:0, instance:vtiger.Organization.Tests.CreateOrganizationTest@35cabb2a]" started-at="2023-04-19T10:39:38 IST" name="demo" finished-at="2023-04-19T10:39:38 IST" duration-ms="6" status="PASS">
          <reporter-output>
          </reporter-output>
        </test-method> <!-- demo -->
        <test-method is-config="true" signature="amConfig()[pri:0, instance:vtiger.Organization.Tests.CreateOrganizationTest@35cabb2a]" started-at="2023-04-19T10:39:38 IST" name="amConfig" finished-at="2023-04-19T10:39:43 IST" duration-ms="4518" status="PASS">
          <reporter-output>
          </reporter-output>
        </test-method> <!-- amConfig -->
        <test-method is-config="true" signature="acConfig()[pri:0, instance:vtiger.Organization.Tests.CreateOrganizationTest@35cabb2a]" started-at="2023-04-19T10:39:43 IST" name="acConfig" finished-at="2023-04-19T10:39:44 IST" duration-ms="1187" status="PASS">
          <reporter-output>
          </reporter-output>
        </test-method> <!-- acConfig -->
      </class> <!-- vtiger.Organization.Tests.CreateOrganizationTest -->
    </test> <!-- Test-Runner-Chrome -->
  </suite> <!-- Suite -->
</testng-results>
