<?xml version="1.0" encoding="UTF-8"?>
<testng-results ignored="4" total="12" passed="7" failed="1" skipped="0">
  <reporter-output>
    <line>
      <![CDATA[navigated to organizations link]]>
    </line>
    <line>
      <![CDATA[Clicked on create Organization look up image]]>
    </line>
    <line>
      <![CDATA[New Organization created]]>
    </line>
  </reporter-output>
  <suite started-at="2023-05-22T21:22:49 IST" name="Suite" finished-at="2023-05-22T21:25:29 IST" duration-ms="159775">
    <groups>
      <group name="RegressionSuite">
        <method signature="CreateContactWithOrganizationTest.createContactWithOrgTest()[pri:0, instance:vtiger.Contact.Tests.CreateContactWithOrganizationTest@4efbca5a]" name="createContactWithOrgTest" class="vtiger.Contact.Tests.CreateContactWithOrganizationTest"/>
      </group> <!-- RegressionSuite -->
      <group name="SmokeSuite">
        <method signature="CreateOrganizationTest.createOrgTest()[pri:0, instance:vtiger.Organization.Tests.CreateOrganizationTest@1623b78d]" name="createOrgTest" class="vtiger.Organization.Tests.CreateOrganizationTest"/>
      </group> <!-- SmokeSuite -->
    </groups>
    <test started-at="2023-05-22T21:22:49 IST" name="Test" finished-at="2023-05-22T21:25:29 IST" duration-ms="159775">
      <class name="vtiger.Organization.Tests.CreateMultipleOrgTest">
        <test-method is-config="true" signature="bcConfig()[pri:0, instance:vtiger.Organization.Tests.CreateMultipleOrgTest@1b7cc17c]" started-at="2023-05-22T21:23:59 IST" name="bcConfig" finished-at="2023-05-22T21:24:03 IST" duration-ms="3593" status="PASS">
          <reporter-output>
          </reporter-output>
        </test-method> <!-- bcConfig -->
        <test-method is-config="true" signature="bmConfig()[pri:0, instance:vtiger.Organization.Tests.CreateMultipleOrgTest@1b7cc17c]" started-at="2023-05-22T21:24:03 IST" name="bmConfig" finished-at="2023-05-22T21:24:05 IST" duration-ms="2341" status="PASS">
          <reporter-output>
          </reporter-output>
        </test-method> <!-- bmConfig -->
        <test-method signature="createOrgTest(java.lang.String,java.lang.String)[pri:0, instance:vtiger.Organization.Tests.CreateMultipleOrgTest@1b7cc17c]" started-at="2023-05-22T21:24:05 IST" name="createOrgTest" data-provider="OrgWithIndustry" finished-at="2023-05-22T21:24:15 IST" duration-ms="9767" status="PASS">
          <params>
            <param index="0">
              <value>
                <![CDATA[Wipro]]>
              </value>
            </param>
            <param index="1">
              <value>
                <![CDATA[Education]]>
              </value>
            </param>
          </params>
          <reporter-output>
          </reporter-output>
        </test-method> <!-- createOrgTest -->
        <test-method is-config="true" signature="amConfig()[pri:0, instance:vtiger.Organization.Tests.CreateMultipleOrgTest@1b7cc17c]" started-at="2023-05-22T21:24:15 IST" name="amConfig" finished-at="2023-05-22T21:24:19 IST" duration-ms="3931" status="PASS">
          <reporter-output>
          </reporter-output>
        </test-method> <!-- amConfig -->
        <test-method is-config="true" signature="bmConfig()[pri:0, instance:vtiger.Organization.Tests.CreateMultipleOrgTest@1b7cc17c]" started-at="2023-05-22T21:24:19 IST" name="bmConfig" finished-at="2023-05-22T21:24:22 IST" duration-ms="2749" status="PASS">
          <reporter-output>
          </reporter-output>
        </test-method> <!-- bmConfig -->
        <test-method signature="createOrgTest(java.lang.String,java.lang.String)[pri:0, instance:vtiger.Organization.Tests.CreateMultipleOrgTest@1b7cc17c]" started-at="2023-05-22T21:24:22 IST" name="createOrgTest" data-provider="OrgWithIndustry" finished-at="2023-05-22T21:24:32 IST" duration-ms="10828" status="PASS">
          <params>
            <param index="0">
              <value>
                <![CDATA[Samsung]]>
              </value>
            </param>
            <param index="1">
              <value>
                <![CDATA[Energy]]>
              </value>
            </param>
          </params>
          <reporter-output>
          </reporter-output>
        </test-method> <!-- createOrgTest -->
        <test-method is-config="true" signature="amConfig()[pri:0, instance:vtiger.Organization.Tests.CreateMultipleOrgTest@1b7cc17c]" started-at="2023-05-22T21:24:32 IST" name="amConfig" finished-at="2023-05-22T21:24:36 IST" duration-ms="3639" status="PASS">
          <reporter-output>
          </reporter-output>
        </test-method> <!-- amConfig -->
        <test-method is-config="true" signature="bmConfig()[pri:0, instance:vtiger.Organization.Tests.CreateMultipleOrgTest@1b7cc17c]" started-at="2023-05-22T21:24:36 IST" name="bmConfig" finished-at="2023-05-22T21:24:39 IST" duration-ms="2754" status="PASS">
          <reporter-output>
          </reporter-output>
        </test-method> <!-- bmConfig -->
        <test-method signature="createOrgTest(java.lang.String,java.lang.String)[pri:0, instance:vtiger.Organization.Tests.CreateMultipleOrgTest@1b7cc17c]" started-at="2023-05-22T21:24:39 IST" name="createOrgTest" data-provider="OrgWithIndustry" finished-at="2023-05-22T21:25:06 IST" duration-ms="27337" status="FAIL">
          <params>
            <param index="0">
              <value>
                <![CDATA[Google]]>
              </value>
            </param>
            <param index="1">
              <value>
                <![CDATA[HealthCare]]>
              </value>
            </param>
          </params>
          <exception class="org.openqa.selenium.NoSuchElementException">
            <message>
              <![CDATA[Cannot locate option with value: HealthCare
For documentation on this error, please visit: https://selenium.dev/exceptions/#no_such_element
Build info: version: '4.4.0', revision: 'e5c75ed026a'
System info: host: 'BHASKAR', ip: '192.168.179.179', os.name: 'Windows 11', os.arch: 'amd64', os.version: '10.0', java.version: '17.0.2'
Driver info: driver.version: unknown]]>
            </message>
            <full-stacktrace>
              <![CDATA[org.openqa.selenium.NoSuchElementException: Cannot locate option with value: HealthCare
For documentation on this error, please visit: https://selenium.dev/exceptions/#no_such_element
Build info: version: '4.4.0', revision: 'e5c75ed026a'
System info: host: 'BHASKAR', ip: '192.168.179.179', os.name: 'Windows 11', os.arch: 'amd64', os.version: '10.0', java.version: '17.0.2'
Driver info: driver.version: unknown
at org.openqa.selenium.support.ui.Select.findOptionsByValue(Select.java:287)
at org.openqa.selenium.support.ui.Select.selectByValue(Select.java:190)
at vtiger.GenericUtilities.WebDriverUtility.handleDropdown(WebDriverUtility.java:97)
at vtiger.ObjectRepository.CreateNewOrganizationPage.createNewOrganization(CreateNewOrganizationPage.java:60)
at vtiger.Organization.Tests.CreateMultipleOrgTest.createOrgTest(CreateMultipleOrgTest.java:47)
at java.base/jdk.internal.reflect.NativeMethodAccessorImpl.invoke0(Native Method)
at java.base/jdk.internal.reflect.NativeMethodAccessorImpl.invoke(NativeMethodAccessorImpl.java:77)
at java.base/jdk.internal.reflect.DelegatingMethodAccessorImpl.invoke(DelegatingMethodAccessorImpl.java:43)
at java.base/java.lang.reflect.Method.invoke(Method.java:568)
at org.testng.internal.MethodInvocationHelper.invokeMethod(MethodInvocationHelper.java:133)
at org.testng.internal.TestInvoker.invokeMethod(TestInvoker.java:598)
at org.testng.internal.TestInvoker.invokeTestMethod(TestInvoker.java:173)
at org.testng.internal.MethodRunner.runInSequence(MethodRunner.java:46)
at org.testng.internal.TestInvoker$MethodInvocationAgent.invoke(TestInvoker.java:824)
at org.testng.internal.TestInvoker.invokeTestMethods(TestInvoker.java:146)
at org.testng.internal.TestMethodWorker.invokeTestMethods(TestMethodWorker.java:146)
at org.testng.internal.TestMethodWorker.run(TestMethodWorker.java:128)
at java.base/java.util.ArrayList.forEach(ArrayList.java:1511)
at org.testng.TestRunner.privateRun(TestRunner.java:794)
at org.testng.TestRunner.run(TestRunner.java:596)
at org.testng.SuiteRunner.runTest(SuiteRunner.java:377)
at org.testng.SuiteRunner.runSequentially(SuiteRunner.java:371)
at org.testng.SuiteRunner.privateRun(SuiteRunner.java:332)
at org.testng.SuiteRunner.run(SuiteRunner.java:276)
at org.testng.SuiteRunnerWorker.runSuite(SuiteRunnerWorker.java:53)
at org.testng.SuiteRunnerWorker.run(SuiteRunnerWorker.java:96)
at org.testng.TestNG.runSuitesSequentially(TestNG.java:1212)
at org.testng.TestNG.runSuitesLocally(TestNG.java:1134)
at org.testng.TestNG.runSuites(TestNG.java:1063)
at org.testng.TestNG.run(TestNG.java:1031)
at org.testng.remote.AbstractRemoteTestNG.run(AbstractRemoteTestNG.java:115)
at org.testng.remote.RemoteTestNG.initAndRun(RemoteTestNG.java:251)
at org.testng.remote.RemoteTestNG.main(RemoteTestNG.java:77)
]]>
            </full-stacktrace>
          </exception> <!-- org.openqa.selenium.NoSuchElementException -->
          <reporter-output>
          </reporter-output>
        </test-method> <!-- createOrgTest -->
        <test-method is-config="true" signature="amConfig()[pri:0, instance:vtiger.Organization.Tests.CreateMultipleOrgTest@1b7cc17c]" started-at="2023-05-22T21:25:06 IST" name="amConfig" finished-at="2023-05-22T21:25:10 IST" duration-ms="3867" status="PASS">
          <reporter-output>
          </reporter-output>
        </test-method> <!-- amConfig -->
        <test-method is-config="true" signature="bmConfig()[pri:0, instance:vtiger.Organization.Tests.CreateMultipleOrgTest@1b7cc17c]" started-at="2023-05-22T21:25:10 IST" name="bmConfig" finished-at="2023-05-22T21:25:13 IST" duration-ms="3051" status="PASS">
          <reporter-output>
          </reporter-output>
        </test-method> <!-- bmConfig -->
        <test-method signature="createOrgTest(java.lang.String,java.lang.String)[pri:0, instance:vtiger.Organization.Tests.CreateMultipleOrgTest@1b7cc17c]" started-at="2023-05-22T21:25:13 IST" name="createOrgTest" data-provider="OrgWithIndustry" finished-at="2023-05-22T21:25:24 IST" duration-ms="10745" status="PASS">
          <params>
            <param index="0">
              <value>
                <![CDATA[Infosys]]>
              </value>
            </param>
            <param index="1">
              <value>
                <![CDATA[Banking]]>
              </value>
            </param>
          </params>
          <reporter-output>
          </reporter-output>
        </test-method> <!-- createOrgTest -->
        <test-method is-config="true" signature="amConfig()[pri:0, instance:vtiger.Organization.Tests.CreateMultipleOrgTest@1b7cc17c]" started-at="2023-05-22T21:25:24 IST" name="amConfig" finished-at="2023-05-22T21:25:28 IST" duration-ms="3956" status="PASS">
          <reporter-output>
          </reporter-output>
        </test-method> <!-- amConfig -->
        <test-method is-config="true" signature="acConfig()[pri:0, instance:vtiger.Organization.Tests.CreateMultipleOrgTest@1b7cc17c]" started-at="2023-05-22T21:25:28 IST" name="acConfig" finished-at="2023-05-22T21:25:29 IST" duration-ms="1144" status="PASS">
          <reporter-output>
          </reporter-output>
        </test-method> <!-- acConfig -->
      </class> <!-- vtiger.Organization.Tests.CreateMultipleOrgTest -->
      <class name="vtiger.Organization.Tests.CreateOrganizationTest">
        <test-method is-config="true" signature="bsConfig()[pri:0, instance:vtiger.Organization.Tests.CreateOrganizationTest@1623b78d]" started-at="2023-05-22T21:22:49 IST" name="bsConfig" finished-at="2023-05-22T21:22:49 IST" duration-ms="13" status="PASS">
          <reporter-output>
          </reporter-output>
        </test-method> <!-- bsConfig -->
        <test-method is-config="true" signature="bcConfig()[pri:0, instance:vtiger.Organization.Tests.CreateOrganizationTest@1623b78d]" started-at="2023-05-22T21:22:50 IST" name="bcConfig" finished-at="2023-05-22T21:22:59 IST" duration-ms="9098" status="PASS">
          <reporter-output>
          </reporter-output>
        </test-method> <!-- bcConfig -->
        <test-method is-config="true" signature="bmConfig()[pri:0, instance:vtiger.Organization.Tests.CreateOrganizationTest@1623b78d]" started-at="2023-05-22T21:22:59 IST" name="bmConfig" finished-at="2023-05-22T21:23:01 IST" duration-ms="2192" status="PASS">
          <reporter-output>
          </reporter-output>
        </test-method> <!-- bmConfig -->
        <test-method signature="createOrgTest()[pri:0, instance:vtiger.Organization.Tests.CreateOrganizationTest@1623b78d]" started-at="2023-05-22T21:23:01 IST" name="createOrgTest" finished-at="2023-05-22T21:23:12 IST" duration-ms="10860" status="PASS">
          <reporter-output>
            <line>
              <![CDATA[navigated to organizations link]]>
            </line>
            <line>
              <![CDATA[Clicked on create Organization look up image]]>
            </line>
            <line>
              <![CDATA[New Organization created]]>
            </line>
          </reporter-output>
        </test-method> <!-- createOrgTest -->
        <test-method is-config="true" signature="amConfig()[pri:0, instance:vtiger.Organization.Tests.CreateOrganizationTest@1623b78d]" started-at="2023-05-22T21:23:12 IST" name="amConfig" finished-at="2023-05-22T21:23:16 IST" duration-ms="4486" status="PASS">
          <reporter-output>
          </reporter-output>
        </test-method> <!-- amConfig -->
        <test-method is-config="true" signature="bmConfig()[pri:0, instance:vtiger.Organization.Tests.CreateOrganizationTest@1623b78d]" started-at="2023-05-22T21:23:16 IST" name="bmConfig" finished-at="2023-05-22T21:23:19 IST" duration-ms="2726" status="PASS">
          <reporter-output>
          </reporter-output>
        </test-method> <!-- bmConfig -->
        <test-method is-config="true" signature="amConfig()[pri:0, instance:vtiger.Organization.Tests.CreateOrganizationTest@1623b78d]" started-at="2023-05-22T21:23:19 IST" name="amConfig" finished-at="2023-05-22T21:23:23 IST" duration-ms="3982" status="PASS">
          <reporter-output>
          </reporter-output>
        </test-method> <!-- amConfig -->
        <test-method signature="demo()[pri:0, instance:vtiger.Organization.Tests.CreateOrganizationTest@1623b78d]" started-at="2023-05-22T21:23:19 IST" name="demo" finished-at="2023-05-22T21:23:19 IST" duration-ms="0" status="PASS">
          <reporter-output>
          </reporter-output>
        </test-method> <!-- demo -->
        <test-method is-config="true" signature="acConfig()[pri:0, instance:vtiger.Organization.Tests.CreateOrganizationTest@1623b78d]" started-at="2023-05-22T21:23:23 IST" name="acConfig" finished-at="2023-05-22T21:23:24 IST" duration-ms="898" status="PASS">
          <reporter-output>
          </reporter-output>
        </test-method> <!-- acConfig -->
        <test-method is-config="true" signature="asConfig()[pri:0, instance:vtiger.Organization.Tests.CreateOrganizationTest@1623b78d]" started-at="2023-05-22T21:25:30 IST" name="asConfig" finished-at="2023-05-22T21:25:30 IST" duration-ms="1" status="PASS">
          <reporter-output>
          </reporter-output>
        </test-method> <!-- asConfig -->
      </class> <!-- vtiger.Organization.Tests.CreateOrganizationTest -->
      <class name="vtiger.Contact.Tests.CreateContactWithOrganizationTest">
        <test-method is-config="true" signature="bcConfig()[pri:0, instance:vtiger.Contact.Tests.CreateContactWithOrganizationTest@4efbca5a]" started-at="2023-05-22T21:23:24 IST" name="bcConfig" finished-at="2023-05-22T21:23:27 IST" duration-ms="3230" status="PASS">
          <reporter-output>
          </reporter-output>
        </test-method> <!-- bcConfig -->
        <test-method is-config="true" signature="bmConfig()[pri:0, instance:vtiger.Contact.Tests.CreateContactWithOrganizationTest@4efbca5a]" started-at="2023-05-22T21:23:27 IST" name="bmConfig" finished-at="2023-05-22T21:23:30 IST" duration-ms="2328" status="PASS">
          <reporter-output>
          </reporter-output>
        </test-method> <!-- bmConfig -->
        <test-method signature="createContactWithOrgTest()[pri:0, instance:vtiger.Contact.Tests.CreateContactWithOrganizationTest@4efbca5a]" started-at="2023-05-22T21:23:30 IST" name="createContactWithOrgTest" finished-at="2023-05-22T21:23:48 IST" duration-ms="18231" status="PASS">
          <reporter-output>
          </reporter-output>
        </test-method> <!-- createContactWithOrgTest -->
        <test-method is-config="true" signature="amConfig()[pri:0, instance:vtiger.Contact.Tests.CreateContactWithOrganizationTest@4efbca5a]" started-at="2023-05-22T21:23:48 IST" name="amConfig" finished-at="2023-05-22T21:23:52 IST" duration-ms="3658" status="PASS">
          <reporter-output>
          </reporter-output>
        </test-method> <!-- amConfig -->
        <test-method is-config="true" signature="bmConfig()[pri:0, instance:vtiger.Contact.Tests.CreateContactWithOrganizationTest@4efbca5a]" started-at="2023-05-22T21:23:52 IST" name="bmConfig" finished-at="2023-05-22T21:23:54 IST" duration-ms="2721" status="PASS">
          <reporter-output>
          </reporter-output>
        </test-method> <!-- bmConfig -->
        <test-method is-config="true" signature="amConfig()[pri:0, instance:vtiger.Contact.Tests.CreateContactWithOrganizationTest@4efbca5a]" started-at="2023-05-22T21:23:54 IST" name="amConfig" finished-at="2023-05-22T21:23:58 IST" duration-ms="3940" status="PASS">
          <reporter-output>
          </reporter-output>
        </test-method> <!-- amConfig -->
        <test-method signature="sample()[pri:0, instance:vtiger.Contact.Tests.CreateContactWithOrganizationTest@4efbca5a]" started-at="2023-05-22T21:23:54 IST" name="sample" finished-at="2023-05-22T21:23:54 IST" duration-ms="0" status="PASS">
          <reporter-output>
          </reporter-output>
        </test-method> <!-- sample -->
        <test-method is-config="true" signature="acConfig()[pri:0, instance:vtiger.Contact.Tests.CreateContactWithOrganizationTest@4efbca5a]" started-at="2023-05-22T21:23:58 IST" name="acConfig" finished-at="2023-05-22T21:23:59 IST" duration-ms="915" status="PASS">
          <reporter-output>
          </reporter-output>
        </test-method> <!-- acConfig -->
      </class> <!-- vtiger.Contact.Tests.CreateContactWithOrganizationTest -->
    </test> <!-- Test -->
  </suite> <!-- Suite -->
</testng-results>
